11:35:30: Creating resource group General
11:35:30: Creating resource group Internal
11:35:30: Creating resource group Autodetect
11:35:30: SceneManagerFactory for type 'DefaultSceneManager' registered.
11:35:30: Registering ResourceManager for type Material
11:35:30: Registering ResourceManager for type Mesh
11:35:30: Registering ResourceManager for type Skeleton
11:35:30: MovableObjectFactory for type 'ParticleSystem' registered.
11:35:30: OverlayElementFactory for type Panel registered.
11:35:30: OverlayElementFactory for type BorderPanel registered.
11:35:30: OverlayElementFactory for type TextArea registered.
11:35:30: Registering ResourceManager for type Font
11:35:30: ArchiveFactory for archive type FileSystem registered.
11:35:30: ArchiveFactory for archive type Zip registered.
11:35:30: DDS codec registering
11:35:30: FreeImage version: 3.13.0
11:35:30: This program uses FreeImage, a free, open source image library supporting all common bitmap formats. See http://freeimage.sourceforge.net for details
11:35:30: Supported formats: bmp,ico,jpg,jif,jpeg,jpe,jng,koa,iff,lbm,mng,pbm,pbm,pcd,pcx,pgm,pgm,png,ppm,ppm,ras,tga,targa,tif,tiff,wap,wbmp,wbm,psd,cut,xbm,xpm,gif,hdr,g3,sgi,exr,j2k,j2c,jp2,pfm,pct,pict,pic,bay,bmq,cr2,crw,cs1,dc2,dcr,dng,erf,fff,hdr,k25,kdc,mdc,mos,mrw,nef,orf,pef,pxn,raf,raw,rdc,sr2,srf,arw,3fr,cine,ia,kc2,mef,nrw,qtk,rw2,sti,drf,dsc,ptx,cap,iiq,rwz
11:35:30: Registering ResourceManager for type HighLevelGpuProgram
11:35:30: Registering ResourceManager for type Compositor
11:35:30: MovableObjectFactory for type 'Entity' registered.
11:35:30: MovableObjectFactory for type 'Light' registered.
11:35:30: MovableObjectFactory for type 'BillboardSet' registered.
11:35:30: MovableObjectFactory for type 'ManualObject' registered.
11:35:30: MovableObjectFactory for type 'BillboardChain' registered.
11:35:30: MovableObjectFactory for type 'RibbonTrail' registered.
11:35:30: Loading library /usr/lib/OGRE/RenderSystem_GL
11:35:30: Installing plugin: GL RenderSystem
11:35:30: OpenGL Rendering Subsystem created.
11:35:30: Plugin successfully installed
11:35:30: *-*-* OGRE Initialising
11:35:30: *-*-* Version 1.7.0 (Cthugha)
11:35:30: Added resource location 'media' of type 'FileSystem' to resource group 'General'
11:35:30: CPU Identifier & Features
11:35:30: -------------------------
11:35:30:  *   CPU ID: GenuineIntel: Intel(R) Core(TM)2 Duo CPU     T7500  @ 2.20GHz
11:35:30:  *      SSE: yes
11:35:30:  *     SSE2: yes
11:35:30:  *     SSE3: yes
11:35:30:  *      MMX: yes
11:35:30:  *   MMXEXT: yes
11:35:30:  *    3DNOW: no
11:35:30:  * 3DNOWEXT: no
11:35:30:  *     CMOV: yes
11:35:30:  *      TSC: yes
11:35:30:  *      FPU: yes
11:35:30:  *      PRO: yes
11:35:30:  *       HT: no
11:35:30: -------------------------
11:35:30: ******************************
*** Starting GLX Subsystem ***
******************************
11:35:30: GLRenderSystem::_createRenderWindow "OGRE Render Window", 800x600 windowed  miscParams: FSAA=4 displayFrequency=56 MHz gamma=No vsync=Yes 
11:35:30: OGRE EXCEPTION(6:FileNotFoundException): Cannot locate resource GLX_icon.png in resource group General or any other group. in ResourceGroupManager::openResource at /tmp/yaourt-tmp-ja/aur-ogre/ogre/src/ogre/OgreMain/src/OgreResourceGroupManager.cpp (line 753)
11:35:30: GLXWindow::create used FBConfigID = 161
11:35:30: GL_VERSION = 3.2.0 NVIDIA 195.36.15
11:35:30: GL_VENDOR = NVIDIA Corporation
11:35:30: GL_RENDERER = GeForce 8600M GT/PCI/SSE2
11:35:30: GL_EXTENSIONS = GL_ARB_color_buffer_float GL_ARB_compatibility GL_ARB_copy_buffer GL_ARB_depth_buffer_float GL_ARB_depth_clamp GL_ARB_depth_texture GL_ARB_draw_buffers GL_ARB_draw_elements_base_vertex GL_ARB_draw_instanced GL_ARB_fragment_coord_conventions GL_ARB_fragment_program GL_ARB_fragment_program_shadow GL_ARB_fragment_shader GL_ARB_framebuffer_object GL_ARB_framebuffer_sRGB GL_ARB_geometry_shader4 GL_ARB_half_float_pixel GL_ARB_half_float_vertex GL_ARB_imaging GL_ARB_map_buffer_range GL_ARB_multisample GL_ARB_multitexture GL_ARB_occlusion_query GL_ARB_pixel_buffer_object GL_ARB_point_parameters GL_ARB_point_sprite GL_ARB_provoking_vertex GL_ARB_seamless_cube_map GL_ARB_shader_objects GL_ARB_shading_language_100 GL_ARB_shadow GL_ARB_sync GL_ARB_texture_border_clamp GL_ARB_texture_buffer_object GL_ARB_texture_compression GL_ARB_texture_compression_rgtc GL_ARB_texture_cube_map GL_ARB_texture_env_add GL_ARB_texture_env_combine GL_ARB_texture_env_crossbar GL_ARB_texture_env_dot3 GL_ARB_texture_float GL_ARB_texture_mirrored_repeat GL_ARB_texture_multisample GL_ARB_texture_non_power_of_two GL_ARB_texture_rectangle GL_ARB_texture_rg GL_ARB_transpose_matrix GL_ARB_uniform_buffer_object GL_ARB_vertex_array_bgra GL_ARB_vertex_array_object GL_ARB_vertex_buffer_object GL_ARB_vertex_program GL_ARB_vertex_shader GL_ARB_window_pos GL_ATI_draw_buffers GL_ATI_texture_float GL_ATI_texture_mirror_once GL_S3_s3tc GL_EXT_texture_env_add GL_EXT_abgr GL_EXT_bgra GL_EXT_bindable_uniform GL_EXT_blend_color GL_EXT_blend_equation_separate GL_EXT_blend_func_separate GL_EXT_blend_minmax GL_EXT_blend_subtract GL_EXT_compiled_vertex_array GL_EXT_Cg_shader GL_EXT_depth_bounds_test GL_EXT_direct_state_access GL_EXT_draw_buffers2 GL_EXT_draw_instanced GL_EXT_draw_range_elements GL_EXT_fog_coord GL_EXT_framebuffer_blit GL_EXT_framebuffer_multisample GL_EXTX_framebuffer_mixed_formats GL_EXT_framebuffer_object GL_EXT_framebuffer_sRGB GL_EXT_geometry_shader4 GL_EXT_gpu_program_parameters GL_EXT_gpu_shader4 GL_EXT_multi_draw_arrays GL_EXT_packed_depth_stencil GL_EXT_packed_float GL_EXT_packed_pixels GL_EXT_pixel_buffer_object GL_EXT_point_parameters GL_EXT_provoking_vertex GL_EXT_rescale_normal GL_EXT_secondary_color GL_EXT_separate_shader_objects GL_EXT_separate_specular_color GL_EXT_shadow_funcs GL_EXT_stencil_two_side GL_EXT_stencil_wrap GL_EXT_texture3D GL_EXT_texture_array GL_EXT_texture_buffer_object GL_EXT_texture_compression_latc GL_EXT_texture_compression_rgtc GL_EXT_texture_compression_s3tc GL_EXT_texture_cube_map GL_EXT_texture_edge_clamp GL_EXT_texture_env_combine GL_EXT_texture_env_dot3 GL_EXT_texture_filter_anisotropic GL_EXT_texture_integer GL_EXT_texture_lod GL_EXT_texture_lod_bias GL_EXT_texture_mirror_clamp GL_EXT_texture_object GL_EXT_texture_shared_exponent GL_EXT_texture_sRGB GL_EXT_texture_swizzle GL_EXT_timer_query GL_EXT_vertex_array GL_EXT_vertex_array_bgra GL_IBM_rasterpos_clip GL_IBM_texture_mirrored_repeat GL_KTX_buffer_region GL_NV_blend_square GL_NV_conditional_render GL_NV_copy_depth_to_color GL_NV_copy_image GL_NV_depth_buffer_float GL_NV_depth_clamp GL_NV_explicit_multisample GL_NV_fence GL_NV_float_buffer GL_NV_fog_distance GL_NV_fragment_program GL_NV_fragment_program_option GL_NV_fragment_program2 GL_NV_framebuffer_multisample_coverage GL_NV_geometry_shader4 GL_NV_gpu_program4 GL_NV_half_float GL_NV_light_max_exponent GL_NV_multisample_coverage GL_NV_multisample_filter_hint GL_NV_occlusion_query GL_NV_packed_depth_stencil GL_NV_parameter_buffer_object GL_NV_parameter_buffer_object2 GL_NV_pixel_data_range GL_NV_point_sprite GL_NV_primitive_restart GL_NV_register_combiners GL_NV_register_combiners2 GL_NV_shader_buffer_load GL_NV_texgen_reflection GL_NV_texture_barrier GL_NV_texture_compression_vtc GL_NV_texture_env_combine4 GL_NV_texture_expand_normal GL_NV_texture_rectangle GL_NV_texture_shader GL_NV_texture_shader2 GL_NV_texture_shader3 GL_NV_transform_feedback GL_NV_vertex_array_range GL_NV_vertex_array_range2 GL_NV_vertex_buffer_unified_memory GL_NV_vertex_program GL_NV_vertex_program1_1 GL_NV_vertex_program2 GL_NV_vertex_program2_option GL_NV_vertex_program3 GL_NVX_conditional_render GL_NVX_gpu_memory_info GL_SGIS_generate_mipmap GL_SGIS_texture_lod GL_SGIX_depth_texture GL_SGIX_shadow GL_SUN_slice_accum 
11:35:30: Supported GLX extensions: GLX_EXT_visual_info GLX_EXT_visual_rating GLX_SGIX_fbconfig GLX_SGIX_pbuffer GLX_SGI_video_sync GLX_SGI_swap_control GLX_EXT_swap_control GLX_EXT_texture_from_pixmap GLX_ARB_create_context GLX_ARB_create_context_profile GLX_ARB_multisample GLX_NV_float_buffer GLX_ARB_fbconfig_float GLX_EXT_framebuffer_sRGB GLX_ARB_get_proc_address 
11:35:30: ***************************
11:35:30: *** GL Renderer Started ***
11:35:30: ***************************
11:35:30: Registering ResourceManager for type GpuProgram
11:35:30: GLSL support detected
11:35:30: GL: Using GL_EXT_framebuffer_object for rendering to textures (best)
11:35:30: FBO PF_UNKNOWN depth/stencil support: D16S0 D24S0 D32S0 Packed-D24S8 
11:35:30: FBO PF_L8 depth/stencil support: D0S0 D16S0 D24S0 D32S0 Packed-D24S8 
11:35:30: FBO PF_A8 depth/stencil support: D0S0 D16S0 D24S0 D32S0 Packed-D24S8 
11:35:30: FBO PF_A4L4 depth/stencil support: D0S0 D16S0 D24S0 D32S0 Packed-D24S8 
11:35:31: FBO PF_BYTE_LA depth/stencil support: D0S0 D16S0 D24S0 D32S0 Packed-D24S8 
11:35:31: FBO PF_R5G6B5 depth/stencil support: D0S0 D16S0 D24S0 D32S0 Packed-D24S8 
11:35:31: FBO PF_B5G6R5 depth/stencil support: D0S0 D16S0 D24S0 D32S0 Packed-D24S8 
11:35:31: FBO PF_A1R5G5B5 depth/stencil support: D0S0 D16S0 D24S0 D32S0 Packed-D24S8 
11:35:31: FBO PF_R8G8B8 depth/stencil support: D0S0 D16S0 D24S0 D32S0 Packed-D24S8 
11:35:31: FBO PF_B8G8R8 depth/stencil support: D0S0 D16S0 D24S0 D32S0 Packed-D24S8 
11:35:31: FBO PF_A8R8G8B8 depth/stencil support: D0S0 D16S0 D24S0 D32S0 Packed-D24S8 
11:35:31: FBO PF_B8G8R8A8 depth/stencil support: D0S0 D16S0 D24S0 D32S0 Packed-D24S8 
11:35:31: FBO PF_A2R10G10B10 depth/stencil support: D0S0 D16S0 D24S0 D32S0 Packed-D24S8 
11:35:31: FBO PF_A2B10G10R10 depth/stencil support: D0S0 D16S0 D24S0 D32S0 Packed-D24S8 
11:35:31: FBO PF_FLOAT16_RGB depth/stencil support: D0S0 D16S0 D24S0 D32S0 Packed-D24S8 
11:35:31: FBO PF_FLOAT16_RGBA depth/stencil support: D0S0 D16S0 D24S0 D32S0 Packed-D24S8 
11:35:31: FBO PF_FLOAT32_RGB depth/stencil support: D0S0 D16S0 D24S0 D32S0 Packed-D24S8 
11:35:31: FBO PF_FLOAT32_RGBA depth/stencil support: D0S0 D16S0 D24S0 D32S0 Packed-D24S8 
11:35:31: FBO PF_X8R8G8B8 depth/stencil support: D0S0 D16S0 D24S0 D32S0 Packed-D24S8 
11:35:31: FBO PF_X8B8G8R8 depth/stencil support: D0S0 D16S0 D24S0 D32S0 Packed-D24S8 
11:35:31: FBO PF_SHORT_RGBA depth/stencil support: D0S0 D16S0 D24S0 D32S0 Packed-D24S8 
11:35:31: FBO PF_R3G3B2 depth/stencil support: D0S0 D16S0 D24S0 D32S0 Packed-D24S8 
11:35:31: FBO PF_FLOAT16_R depth/stencil support: D0S0 D16S0 D24S0 D32S0 Packed-D24S8 
11:35:31: FBO PF_FLOAT32_R depth/stencil support: D0S0 D16S0 D24S0 D32S0 Packed-D24S8 
11:35:31: FBO PF_FLOAT16_GR depth/stencil support: D0S0 D16S0 D24S0 D32S0 Packed-D24S8 
11:35:31: FBO PF_FLOAT32_GR depth/stencil support: D0S0 D16S0 D24S0 D32S0 Packed-D24S8 
11:35:31: FBO PF_SHORT_RGB depth/stencil support: D0S0 D16S0 D24S0 D32S0 Packed-D24S8 
11:35:31: [GL] : Valid FBO targets PF_UNKNOWN PF_L8 PF_A8 PF_A4L4 PF_BYTE_LA PF_R5G6B5 PF_B5G6R5 PF_A1R5G5B5 PF_R8G8B8 PF_B8G8R8 PF_A8R8G8B8 PF_B8G8R8A8 PF_A2R10G10B10 PF_A2B10G10R10 PF_FLOAT16_RGB PF_FLOAT16_RGBA PF_FLOAT32_RGB PF_FLOAT32_RGBA PF_X8R8G8B8 PF_X8B8G8R8 PF_SHORT_RGBA PF_R3G3B2 PF_FLOAT16_R PF_FLOAT32_R PF_FLOAT16_GR PF_FLOAT32_GR PF_SHORT_RGB 
11:35:31: RenderSystem capabilities
11:35:31: -------------------------
11:35:31: RenderSystem Name: OpenGL Rendering Subsystem
11:35:31: GPU Vendor: nvidia
11:35:31: Device Name: GeForce 8600M GT/PCI/SSE2
11:35:31: Driver Version: 3.2.0.0
11:35:31:  * Fixed function pipeline: yes
11:35:31:  * Hardware generation of mipmaps: yes
11:35:31:  * Texture blending: yes
11:35:31:  * Anisotropic texture filtering: yes
11:35:31:  * Dot product texture operation: yes
11:35:31:  * Cube mapping: yes
11:35:31:  * Hardware stencil buffer: yes
11:35:31:    - Stencil depth: 8
11:35:31:    - Two sided stencil support: yes
11:35:31:    - Wrap stencil values: yes
11:35:31:  * Hardware vertex / index buffers: yes
11:35:31:  * Vertex programs: yes
11:35:31:  * Number of floating-point constants for vertex programs: 1024
11:35:31:  * Number of integer constants for vertex programs: 0
11:35:31:  * Number of boolean constants for vertex programs: 0
11:35:31:  * Fragment programs: yes
11:35:31:  * Number of floating-point constants for fragment programs: 512
11:35:31:  * Number of integer constants for fragment programs: 0
11:35:31:  * Number of boolean constants for fragment programs: 0
11:35:31:  * Geometry programs: yes
11:35:31:  * Number of floating-point constants for geometry programs: 512
11:35:31:  * Number of integer constants for geometry programs: 0
11:35:31:  * Number of boolean constants for geometry programs: 0
11:35:31:  * Supported Shader Profiles: arbfp1 arbvp1 fp20 fp30 fp40 glsl gp4gp gpu_gp nvgp4 vp30 vp40
11:35:31:  * Texture Compression: yes
11:35:31:    - DXT: yes
11:35:31:    - VTC: yes
11:35:31:    - PVRTC: no
11:35:31:  * Scissor Rectangle: yes
11:35:31:  * Hardware Occlusion Query: yes
11:35:31:  * User clip planes: yes
11:35:31:  * VET_UBYTE4 vertex element type: yes
11:35:31:  * Infinite far plane projection: yes
11:35:31:  * Hardware render-to-texture: yes
11:35:31:  * Floating point textures: yes
11:35:31:  * Non-power-of-two textures: yes
11:35:31:  * Volume textures: yes
11:35:31:  * Multiple Render Targets: 8
11:35:31:    - With different bit depths: yes
11:35:31:  * Point Sprites: yes
11:35:31:  * Extended point parameters: yes
11:35:31:  * Max Point Size: 63.375
11:35:31:  * Vertex texture fetch: yes
11:35:31:  * Number of world matrices: 0
11:35:31:  * Number of texture units: 32
11:35:31:  * Stencil buffer depth: 8
11:35:31:  * Number of vertex blend matrices: 0
11:35:31:    - Max vertex textures: 32
11:35:31:    - Vertex textures shared: yes
11:35:31:  * Render to Vertex Buffer : yes
11:35:31:  * GL 1.5 without VBO workaround: no
11:35:31:  * Frame Buffer objects: yes
11:35:31:  * Frame Buffer objects (ARB extension): no
11:35:31:  * Frame Buffer objects (ATI extension): no
11:35:31:  * PBuffer support: no
11:35:31:  * GL 1.5 without HW-occlusion workaround: no
11:35:31: Registering ResourceManager for type Texture
11:35:31: Using FSAA from GL_ARB_multisample extension.
11:35:31: DefaultWorkQueue('Root') initialising on thread 0x9473280.
11:35:31: Particle Renderer Type 'billboard' registered
11:35:31: Parsing scripts for resource group Autodetect
11:35:31: Finished parsing scripts for resource group Autodetect
11:35:31: Parsing scripts for resource group General
11:35:31: Parsing script character.material
11:35:31: DefaultWorkQueue('Root')::WorkerFunc - thread 0x95121a8 starting.
11:35:31: DefaultWorkQueue('Root')::WorkerFunc - thread 0x949f320 starting.
11:35:31: Parsing script box.material
11:35:31: Parsing script bookshelf.material
11:35:31: Parsing script medkit.material
11:35:31: Parsing script capsule.material
11:35:31: Parsing script testLevel.material
11:35:31: Parsing script fonts.fontdef
11:35:31: Finished parsing scripts for resource group General
11:35:31: Parsing scripts for resource group Internal
11:35:31: Finished parsing scripts for resource group Internal
11:35:31: Font BlueHighusing texture size 512x512
11:35:31: Info: Freetype returned null for character 127 in font BlueHigh
11:35:31: Info: Freetype returned null for character 128 in font BlueHigh
11:35:31: Info: Freetype returned null for character 129 in font BlueHigh
11:35:31: Info: Freetype returned null for character 130 in font BlueHigh
11:35:31: Info: Freetype returned null for character 131 in font BlueHigh
11:35:31: Info: Freetype returned null for character 132 in font BlueHigh
11:35:31: Info: Freetype returned null for character 133 in font BlueHigh
11:35:31: Info: Freetype returned null for character 134 in font BlueHigh
11:35:31: Info: Freetype returned null for character 135 in font BlueHigh
11:35:31: Info: Freetype returned null for character 136 in font BlueHigh
11:35:31: Info: Freetype returned null for character 137 in font BlueHigh
11:35:31: Info: Freetype returned null for character 138 in font BlueHigh
11:35:31: Info: Freetype returned null for character 139 in font BlueHigh
11:35:31: Info: Freetype returned null for character 140 in font BlueHigh
11:35:31: Info: Freetype returned null for character 141 in font BlueHigh
11:35:31: Info: Freetype returned null for character 142 in font BlueHigh
11:35:31: Info: Freetype returned null for character 143 in font BlueHigh
11:35:31: Info: Freetype returned null for character 144 in font BlueHigh
11:35:31: Info: Freetype returned null for character 145 in font BlueHigh
11:35:31: Info: Freetype returned null for character 146 in font BlueHigh
11:35:31: Info: Freetype returned null for character 147 in font BlueHigh
11:35:31: Info: Freetype returned null for character 148 in font BlueHigh
11:35:31: Info: Freetype returned null for character 149 in font BlueHigh
11:35:31: Info: Freetype returned null for character 150 in font BlueHigh
11:35:31: Info: Freetype returned null for character 151 in font BlueHigh
11:35:31: Info: Freetype returned null for character 152 in font BlueHigh
11:35:31: Info: Freetype returned null for character 153 in font BlueHigh
11:35:31: Info: Freetype returned null for character 154 in font BlueHigh
11:35:31: Info: Freetype returned null for character 155 in font BlueHigh
11:35:31: Info: Freetype returned null for character 156 in font BlueHigh
11:35:31: Info: Freetype returned null for character 157 in font BlueHigh
11:35:31: Info: Freetype returned null for character 158 in font BlueHigh
11:35:31: Info: Freetype returned null for character 159 in font BlueHigh
11:35:31: Info: Freetype returned null for character 160 in font BlueHigh
11:35:31: Texture: BlueHighTexture: Loading 1 faces(PF_BYTE_LA,512x512x1) with 0 generated mipmaps from Image. Internal format is PF_BYTE_LA,512x512x1.
11:35:31: Mesh: Loading testLevel.mesh.
11:35:31: Mesh: Loading box.mesh.
11:35:31: Mesh: Loading bookshelf.mesh.
11:35:31: Mesh: Loading medkit.mesh.
11:35:31: Mesh: Loading capsule.mesh.
11:35:31: Texture: spot_shadow_fade.png: Loading 1 faces(PF_R8G8B8,128x128x1) with 7 generated mipmaps from Image. Internal format is PF_X8R8G8B8,128x128x1.
11:37:04: DefaultWorkQueue('Root') shutting down on thread 0x9473280.
11:37:04: DefaultWorkQueue('Root')::WorkerFunc - thread 0x949f320 stopped.
11:37:04: DefaultWorkQueue('Root')::WorkerFunc - thread 0x95121a8 stopped.
11:37:04: *-*-* OGRE Shutdown
11:37:04: Unregistering ResourceManager for type Compositor
11:37:04: Unregistering ResourceManager for type Font
11:37:04: Unregistering ResourceManager for type Skeleton
11:37:04: Unregistering ResourceManager for type Mesh
11:37:04: Unregistering ResourceManager for type HighLevelGpuProgram
11:37:04: Uninstalling plugin: GL RenderSystem
11:37:04: Unregistering ResourceManager for type GpuProgram
11:37:04: ******************************
*** Stopping GLX Subsystem ***
******************************
11:37:04: Unregistering ResourceManager for type Texture
11:37:04: Plugin successfully uninstalled
11:37:04: Unloading library /usr/lib/OGRE/RenderSystem_GL
11:37:04: Unregistering ResourceManager for type Material
