09:51:41: Creating resource group General
09:51:41: Creating resource group Internal
09:51:41: Creating resource group Autodetect
09:51:41: SceneManagerFactory for type 'DefaultSceneManager' registered.
09:51:41: Registering ResourceManager for type Material
09:51:41: Registering ResourceManager for type Mesh
09:51:41: Registering ResourceManager for type Skeleton
09:51:41: MovableObjectFactory for type 'ParticleSystem' registered.
09:51:41: OverlayElementFactory for type Panel registered.
09:51:41: OverlayElementFactory for type BorderPanel registered.
09:51:41: OverlayElementFactory for type TextArea registered.
09:51:41: Registering ResourceManager for type Font
09:51:41: ArchiveFactory for archive type FileSystem registered.
09:51:41: ArchiveFactory for archive type Zip registered.
09:51:41: DDS codec registering
09:51:41: FreeImage version: 3.13.0
09:51:41: This program uses FreeImage, a free, open source image library supporting all common bitmap formats. See http://freeimage.sourceforge.net for details
09:51:41: Supported formats: bmp,ico,jpg,jif,jpeg,jpe,jng,koa,iff,lbm,mng,pbm,pbm,pcd,pcx,pgm,pgm,png,ppm,ppm,ras,tga,targa,tif,tiff,wap,wbmp,wbm,psd,cut,xbm,xpm,gif,hdr,g3,sgi,exr,j2k,j2c,jp2,pfm,pct,pict,pic,bay,bmq,cr2,crw,cs1,dc2,dcr,dng,erf,fff,hdr,k25,kdc,mdc,mos,mrw,nef,orf,pef,pxn,raf,raw,rdc,sr2,srf,arw,3fr,cine,ia,kc2,mef,nrw,qtk,rw2,sti,drf,dsc,ptx,cap,iiq,rwz
09:51:41: Registering ResourceManager for type HighLevelGpuProgram
09:51:41: Registering ResourceManager for type Compositor
09:51:41: MovableObjectFactory for type 'Entity' registered.
09:51:41: MovableObjectFactory for type 'Light' registered.
09:51:41: MovableObjectFactory for type 'BillboardSet' registered.
09:51:41: MovableObjectFactory for type 'ManualObject' registered.
09:51:41: MovableObjectFactory for type 'BillboardChain' registered.
09:51:41: MovableObjectFactory for type 'RibbonTrail' registered.
09:51:41: OGRE EXCEPTION(6:FileNotFoundException): 'plugins.cfg' file not found! in ConfigFile::load at /tmp/yaourt-tmp-ja/aur-ogre/ogre/src/ogre/OgreMain/src/OgreConfigFile.cpp (line 83)
09:51:41: plugins.cfg not found, automatic plugin loading disabled.
09:51:41: *-*-* OGRE Initialising
09:51:41: *-*-* Version 1.7.0 (Cthugha)
09:51:41: OGRE EXCEPTION(6:FileNotFoundException): 'resources.cfg' file not found! in ConfigFile::load at /tmp/yaourt-tmp-ja/aur-ogre/ogre/src/ogre/OgreMain/src/OgreConfigFile.cpp (line 83)
